[0919/143415:ERROR:process_info.cc(608)] range at 0xfe797000, size 0x230 fully unreadable
[0919/143415:ERROR:process_reader_win.cc(114)] NtOpenThread: {Acceso denegado} Un proceso ha solicitado acceso a un objeto, pero no se le han concedido esos derechos de acceso.  (0xc0000022)
[0919/143415:ERROR:exception_snapshot_win.cc(88)] thread ID 9412 not found in process
[0919/143415:WARNING:crash_report_exception_handler.cc(60)] ProcessSnapshotWin::InitializeException failed
[0920/115434:ERROR:process_reader_win.cc(114)] NtOpenThread: {Acceso denegado} Un proceso ha solicitado acceso a un objeto, pero no se le han concedido esos derechos de acceso.  (0xc0000022)
[0920/115434:ERROR:exception_snapshot_win.cc(87)] thread ID 7584 not found in process
[0920/115434:WARNING:crash_report_exception_handler.cc(56)] ProcessSnapshotWin::Initialize failed
[0920/174236:ERROR:process_reader_win.cc(114)] NtOpenThread: {Acceso denegado} Un proceso ha solicitado acceso a un objeto, pero no se le han concedido esos derechos de acceso.  (0xc0000022)
[0920/174236:ERROR:exception_snapshot_win.cc(87)] thread ID 26564 not found in process
[0920/174236:WARNING:crash_report_exception_handler.cc(56)] ProcessSnapshotWin::Initialize failed
<<<<<<< Updated upstream
[1128/111453:ERROR:process_reader_win.cc(114)] NtOpenThread: {Acceso denegado} Un proceso ha solicitado acceso a un objeto, pero no se le han concedido esos derechos de acceso.  (0xc0000022)
[1128/111453:ERROR:exception_snapshot_win.cc(87)] thread ID 18456 not found in process
[1128/111453:WARNING:crash_report_exception_handler.cc(56)] ProcessSnapshotWin::Initialize failed
=======
[1125/122956:ERROR:process_reader_win.cc(114)] NtOpenThread: {Acceso denegado} Un proceso ha solicitado acceso a un objeto, pero no se le han concedido esos derechos de acceso.  (0xc0000022)
[1125/122956:ERROR:exception_snapshot_win.cc(87)] thread ID 16704 not found in process
[1125/122956:WARNING:crash_report_exception_handler.cc(56)] ProcessSnapshotWin::Initialize failed
>>>>>>> Stashed changes
[1206/180132:ERROR:process_reader_win.cc(114)] NtOpenThread: {Acceso denegado} Un proceso ha solicitado acceso a un objeto, pero no se le han concedido esos derechos de acceso.  (0xc0000022)
[1206/180133:ERROR:exception_snapshot_win.cc(87)] thread ID 21256 not found in process
[1206/180133:WARNING:crash_report_exception_handler.cc(56)] ProcessSnapshotWin::Initialize failed
[1207/155609:ERROR:process_reader_win.cc(114)] NtOpenThread: {Acceso denegado} Un proceso ha solicitado acceso a un objeto, pero no se le han concedido esos derechos de acceso.  (0xc0000022)
[1207/155609:ERROR:exception_snapshot_win.cc(87)] thread ID 13396 not found in process
[1207/155609:WARNING:crash_report_exception_handler.cc(56)] ProcessSnapshotWin::Initialize failed
[1207/160051:ERROR:process_reader_win.cc(114)] NtOpenThread: {Acceso denegado} Un proceso ha solicitado acceso a un objeto, pero no se le han concedido esos derechos de acceso.  (0xc0000022)
[1207/160051:ERROR:exception_snapshot_win.cc(87)] thread ID 12156 not found in process
[1207/160051:WARNING:crash_report_exception_handler.cc(56)] ProcessSnapshotWin::Initialize failed
[1207/160330:ERROR:process_reader_win.cc(114)] NtOpenThread: {Acceso denegado} Un proceso ha solicitado acceso a un objeto, pero no se le han concedido esos derechos de acceso.  (0xc0000022)
[1207/160330:ERROR:exception_snapshot_win.cc(87)] thread ID 22224 not found in process
[1207/160330:WARNING:crash_report_exception_handler.cc(56)] ProcessSnapshotWin::Initialize failed
[1207/160606:ERROR:process_reader_win.cc(114)] NtOpenThread: {Acceso denegado} Un proceso ha solicitado acceso a un objeto, pero no se le han concedido esos derechos de acceso.  (0xc0000022)
[1207/160606:ERROR:exception_snapshot_win.cc(87)] thread ID 7988 not found in process
[1207/160606:WARNING:crash_report_exception_handler.cc(56)] ProcessSnapshotWin::Initialize failed
[1207/160655:ERROR:process_reader_win.cc(114)] NtOpenThread: {Acceso denegado} Un proceso ha solicitado acceso a un objeto, pero no se le han concedido esos derechos de acceso.  (0xc0000022)
[1207/160655:ERROR:exception_snapshot_win.cc(87)] thread ID 20612 not found in process
[1207/160655:WARNING:crash_report_exception_handler.cc(56)] ProcessSnapshotWin::Initialize failed
[0110/104459:ERROR:process_reader_win.cc(114)] NtOpenThread: {Acceso denegado} Un proceso ha solicitado acceso a un objeto, pero no se le han concedido esos derechos de acceso.  (0xc0000022)
[0110/104459:ERROR:exception_snapshot_win.cc(87)] thread ID 34748 not found in process
[0110/104459:WARNING:crash_report_exception_handler.cc(61)] ProcessSnapshotWin::Initialize failed
[0110/104933:ERROR:process_reader_win.cc(114)] NtOpenThread: {Acceso denegado} Un proceso ha solicitado acceso a un objeto, pero no se le han concedido esos derechos de acceso.  (0xc0000022)
[0110/104933:ERROR:exception_snapshot_win.cc(87)] thread ID 12428 not found in process
[0110/104933:WARNING:crash_report_exception_handler.cc(61)] ProcessSnapshotWin::Initialize failed
[0110/181632:ERROR:process_reader_win.cc(114)] NtOpenThread: {Acceso denegado} Un proceso ha solicitado acceso a un objeto, pero no se le han concedido esos derechos de acceso.  (0xc0000022)
[0110/181632:ERROR:exception_snapshot_win.cc(87)] thread ID 26912 not found in process
[0110/181632:WARNING:crash_report_exception_handler.cc(61)] ProcessSnapshotWin::Initialize failed
[0111/122357:ERROR:process_reader_win.cc(114)] NtOpenThread: {Acceso denegado} Un proceso ha solicitado acceso a un objeto, pero no se le han concedido esos derechos de acceso.  (0xc0000022)
[0111/122357:ERROR:exception_snapshot_win.cc(87)] thread ID 23812 not found in process
[0111/122357:WARNING:crash_report_exception_handler.cc(61)] ProcessSnapshotWin::Initialize failed
[0111/143908:ERROR:process_reader_win.cc(114)] NtOpenThread: {Acceso denegado} Un proceso ha solicitado acceso a un objeto, pero no se le han concedido esos derechos de acceso.  (0xc0000022)
[0111/143908:ERROR:exception_snapshot_win.cc(87)] thread ID 14072 not found in process
[0111/143908:WARNING:crash_report_exception_handler.cc(61)] ProcessSnapshotWin::Initialize failed
[0111/153006:ERROR:process_reader_win.cc(114)] NtOpenThread: {Acceso denegado} Un proceso ha solicitado acceso a un objeto, pero no se le han concedido esos derechos de acceso.  (0xc0000022)
[0111/153006:ERROR:exception_snapshot_win.cc(87)] thread ID 19140 not found in process
[0111/153006:WARNING:crash_report_exception_handler.cc(61)] ProcessSnapshotWin::Initialize failed
[0111/154100:ERROR:process_reader_win.cc(114)] NtOpenThread: {Acceso denegado} Un proceso ha solicitado acceso a un objeto, pero no se le han concedido esos derechos de acceso.  (0xc0000022)
[0111/154100:ERROR:exception_snapshot_win.cc(87)] thread ID 29444 not found in process
[0111/154100:WARNING:crash_report_exception_handler.cc(61)] ProcessSnapshotWin::Initialize failed
[0111/154535:ERROR:process_reader_win.cc(114)] NtOpenThread: {Acceso denegado} Un proceso ha solicitado acceso a un objeto, pero no se le han concedido esos derechos de acceso.  (0xc0000022)
[0111/154535:ERROR:exception_snapshot_win.cc(87)] thread ID 1916 not found in process
[0111/154535:WARNING:crash_report_exception_handler.cc(61)] ProcessSnapshotWin::Initialize failed
[0111/154744:ERROR:process_reader_win.cc(114)] NtOpenThread: {Acceso denegado} Un proceso ha solicitado acceso a un objeto, pero no se le han concedido esos derechos de acceso.  (0xc0000022)
[0111/154744:ERROR:exception_snapshot_win.cc(87)] thread ID 15992 not found in process
[0111/154744:WARNING:crash_report_exception_handler.cc(61)] ProcessSnapshotWin::Initialize failed
[0111/154927:ERROR:process_reader_win.cc(114)] NtOpenThread: {Acceso denegado} Un proceso ha solicitado acceso a un objeto, pero no se le han concedido esos derechos de acceso.  (0xc0000022)
[0111/154927:ERROR:exception_snapshot_win.cc(87)] thread ID 32168 not found in process
[0111/154927:WARNING:crash_report_exception_handler.cc(61)] ProcessSnapshotWin::Initialize failed
[0111/155140:ERROR:process_reader_win.cc(114)] NtOpenThread: {Acceso denegado} Un proceso ha solicitado acceso a un objeto, pero no se le han concedido esos derechos de acceso.  (0xc0000022)
[0111/155140:ERROR:exception_snapshot_win.cc(87)] thread ID 30824 not found in process
[0111/155140:WARNING:crash_report_exception_handler.cc(61)] ProcessSnapshotWin::Initialize failed
[0111/155235:ERROR:process_reader_win.cc(114)] NtOpenThread: {Acceso denegado} Un proceso ha solicitado acceso a un objeto, pero no se le han concedido esos derechos de acceso.  (0xc0000022)
[0111/155235:ERROR:exception_snapshot_win.cc(87)] thread ID 37676 not found in process
[0111/155235:WARNING:crash_report_exception_handler.cc(61)] ProcessSnapshotWin::Initialize failed
[0111/164305:ERROR:process_reader_win.cc(114)] NtOpenThread: {Acceso denegado} Un proceso ha solicitado acceso a un objeto, pero no se le han concedido esos derechos de acceso.  (0xc0000022)
[0111/164305:ERROR:exception_snapshot_win.cc(87)] thread ID 27208 not found in process
[0111/164305:WARNING:crash_report_exception_handler.cc(61)] ProcessSnapshotWin::Initialize failed
[0111/164456:ERROR:process_reader_win.cc(114)] NtOpenThread: {Acceso denegado} Un proceso ha solicitado acceso a un objeto, pero no se le han concedido esos derechos de acceso.  (0xc0000022)
[0111/164456:ERROR:exception_snapshot_win.cc(87)] thread ID 20844 not found in process
[0111/164456:WARNING:crash_report_exception_handler.cc(61)] ProcessSnapshotWin::Initialize failed
[0111/165731:ERROR:process_reader_win.cc(114)] NtOpenThread: {Acceso denegado} Un proceso ha solicitado acceso a un objeto, pero no se le han concedido esos derechos de acceso.  (0xc0000022)
[0111/165731:ERROR:exception_snapshot_win.cc(87)] thread ID 36796 not found in process
[0111/165731:WARNING:crash_report_exception_handler.cc(61)] ProcessSnapshotWin::Initialize failed
[0111/170612:ERROR:process_reader_win.cc(114)] NtOpenThread: {Acceso denegado} Un proceso ha solicitado acceso a un objeto, pero no se le han concedido esos derechos de acceso.  (0xc0000022)
[0111/170612:ERROR:exception_snapshot_win.cc(87)] thread ID 14344 not found in process
[0111/170612:WARNING:crash_report_exception_handler.cc(61)] ProcessSnapshotWin::Initialize failed
[0111/171425:ERROR:process_reader_win.cc(114)] NtOpenThread: {Acceso denegado} Un proceso ha solicitado acceso a un objeto, pero no se le han concedido esos derechos de acceso.  (0xc0000022)
[0111/171425:ERROR:exception_snapshot_win.cc(87)] thread ID 27240 not found in process
[0111/171425:WARNING:crash_report_exception_handler.cc(61)] ProcessSnapshotWin::Initialize failed
[0111/172656:ERROR:process_reader_win.cc(114)] NtOpenThread: {Acceso denegado} Un proceso ha solicitado acceso a un objeto, pero no se le han concedido esos derechos de acceso.  (0xc0000022)
[0111/172656:ERROR:exception_snapshot_win.cc(87)] thread ID 14912 not found in process
[0111/172656:WARNING:crash_report_exception_handler.cc(61)] ProcessSnapshotWin::Initialize failed
[0111/172821:ERROR:process_reader_win.cc(114)] NtOpenThread: {Acceso denegado} Un proceso ha solicitado acceso a un objeto, pero no se le han concedido esos derechos de acceso.  (0xc0000022)
[0111/172821:ERROR:exception_snapshot_win.cc(87)] thread ID 14492 not found in process
[0111/172821:WARNING:crash_report_exception_handler.cc(61)] ProcessSnapshotWin::Initialize failed
[0111/174236:ERROR:process_reader_win.cc(114)] NtOpenThread: {Acceso denegado} Un proceso ha solicitado acceso a un objeto, pero no se le han concedido esos derechos de acceso.  (0xc0000022)
[0111/174236:ERROR:exception_snapshot_win.cc(87)] thread ID 3236 not found in process
[0111/174236:WARNING:crash_report_exception_handler.cc(61)] ProcessSnapshotWin::Initialize failed
[0111/174307:ERROR:process_reader_win.cc(114)] NtOpenThread: {Acceso denegado} Un proceso ha solicitado acceso a un objeto, pero no se le han concedido esos derechos de acceso.  (0xc0000022)
[0111/174307:ERROR:exception_snapshot_win.cc(87)] thread ID 6116 not found in process
[0111/174307:WARNING:crash_report_exception_handler.cc(61)] ProcessSnapshotWin::Initialize failed
[0111/174501:ERROR:process_reader_win.cc(114)] NtOpenThread: {Acceso denegado} Un proceso ha solicitado acceso a un objeto, pero no se le han concedido esos derechos de acceso.  (0xc0000022)
[0111/174501:ERROR:exception_snapshot_win.cc(87)] thread ID 34332 not found in process
[0111/174501:WARNING:crash_report_exception_handler.cc(61)] ProcessSnapshotWin::Initialize failed
[0111/175558:ERROR:process_reader_win.cc(114)] NtOpenThread: {Acceso denegado} Un proceso ha solicitado acceso a un objeto, pero no se le han concedido esos derechos de acceso.  (0xc0000022)
[0111/175558:ERROR:exception_snapshot_win.cc(87)] thread ID 37468 not found in process
[0111/175558:WARNING:crash_report_exception_handler.cc(61)] ProcessSnapshotWin::Initialize failed
[0111/180158:ERROR:process_reader_win.cc(114)] NtOpenThread: {Acceso denegado} Un proceso ha solicitado acceso a un objeto, pero no se le han concedido esos derechos de acceso.  (0xc0000022)
[0111/180158:ERROR:exception_snapshot_win.cc(87)] thread ID 5316 not found in process
[0111/180158:WARNING:crash_report_exception_handler.cc(61)] ProcessSnapshotWin::Initialize failed
[0113/095019:ERROR:process_reader_win.cc(114)] NtOpenThread: {Acceso denegado} Un proceso ha solicitado acceso a un objeto, pero no se le han concedido esos derechos de acceso.  (0xc0000022)
[0113/095019:ERROR:exception_snapshot_win.cc(87)] thread ID 13188 not found in process
[0113/095019:WARNING:crash_report_exception_handler.cc(61)] ProcessSnapshotWin::Initialize failed
[0113/095913:ERROR:process_reader_win.cc(114)] NtOpenThread: {Acceso denegado} Un proceso ha solicitado acceso a un objeto, pero no se le han concedido esos derechos de acceso.  (0xc0000022)
[0113/095913:ERROR:exception_snapshot_win.cc(87)] thread ID 25416 not found in process
[0113/095913:WARNING:crash_report_exception_handler.cc(61)] ProcessSnapshotWin::Initialize failed
[0113/100707:ERROR:process_reader_win.cc(114)] NtOpenThread: {Acceso denegado} Un proceso ha solicitado acceso a un objeto, pero no se le han concedido esos derechos de acceso.  (0xc0000022)
[0113/100707:ERROR:exception_snapshot_win.cc(87)] thread ID 30296 not found in process
[0113/100707:WARNING:crash_report_exception_handler.cc(61)] ProcessSnapshotWin::Initialize failed
[0113/102225:ERROR:process_reader_win.cc(114)] NtOpenThread: {Acceso denegado} Un proceso ha solicitado acceso a un objeto, pero no se le han concedido esos derechos de acceso.  (0xc0000022)
[0113/102225:ERROR:exception_snapshot_win.cc(87)] thread ID 34800 not found in process
[0113/102225:WARNING:crash_report_exception_handler.cc(61)] ProcessSnapshotWin::Initialize failed
[0113/103059:ERROR:process_reader_win.cc(114)] NtOpenThread: {Acceso denegado} Un proceso ha solicitado acceso a un objeto, pero no se le han concedido esos derechos de acceso.  (0xc0000022)
[0113/103059:ERROR:exception_snapshot_win.cc(87)] thread ID 32560 not found in process
[0113/103059:WARNING:crash_report_exception_handler.cc(61)] ProcessSnapshotWin::Initialize failed
[0113/103907:ERROR:process_reader_win.cc(114)] NtOpenThread: {Acceso denegado} Un proceso ha solicitado acceso a un objeto, pero no se le han concedido esos derechos de acceso.  (0xc0000022)
[0113/103907:ERROR:exception_snapshot_win.cc(87)] thread ID 9012 not found in process
[0113/103907:WARNING:crash_report_exception_handler.cc(61)] ProcessSnapshotWin::Initialize failed
[0113/104502:ERROR:process_reader_win.cc(114)] NtOpenThread: {Acceso denegado} Un proceso ha solicitado acceso a un objeto, pero no se le han concedido esos derechos de acceso.  (0xc0000022)
[0113/104502:ERROR:exception_snapshot_win.cc(87)] thread ID 1252 not found in process
[0113/104502:WARNING:crash_report_exception_handler.cc(61)] ProcessSnapshotWin::Initialize failed
[0113/104623:ERROR:process_reader_win.cc(114)] NtOpenThread: {Acceso denegado} Un proceso ha solicitado acceso a un objeto, pero no se le han concedido esos derechos de acceso.  (0xc0000022)
[0113/104623:ERROR:exception_snapshot_win.cc(87)] thread ID 14024 not found in process
[0113/104623:WARNING:crash_report_exception_handler.cc(61)] ProcessSnapshotWin::Initialize failed
[0113/111454:ERROR:process_reader_win.cc(114)] NtOpenThread: {Acceso denegado} Un proceso ha solicitado acceso a un objeto, pero no se le han concedido esos derechos de acceso.  (0xc0000022)
[0113/111454:ERROR:exception_snapshot_win.cc(87)] thread ID 28344 not found in process
[0113/111454:WARNING:crash_report_exception_handler.cc(61)] ProcessSnapshotWin::Initialize failed
[0113/113051:ERROR:process_reader_win.cc(114)] NtOpenThread: {Acceso denegado} Un proceso ha solicitado acceso a un objeto, pero no se le han concedido esos derechos de acceso.  (0xc0000022)
[0113/113051:ERROR:exception_snapshot_win.cc(87)] thread ID 36452 not found in process
[0113/113051:WARNING:crash_report_exception_handler.cc(61)] ProcessSnapshotWin::Initialize failed
[0113/113406:ERROR:process_reader_win.cc(114)] NtOpenThread: {Acceso denegado} Un proceso ha solicitado acceso a un objeto, pero no se le han concedido esos derechos de acceso.  (0xc0000022)
[0113/113406:ERROR:exception_snapshot_win.cc(87)] thread ID 30824 not found in process
[0113/113406:WARNING:crash_report_exception_handler.cc(61)] ProcessSnapshotWin::Initialize failed
[0113/113827:ERROR:process_reader_win.cc(114)] NtOpenThread: {Acceso denegado} Un proceso ha solicitado acceso a un objeto, pero no se le han concedido esos derechos de acceso.  (0xc0000022)
[0113/113827:ERROR:exception_snapshot_win.cc(87)] thread ID 9092 not found in process
[0113/113827:WARNING:crash_report_exception_handler.cc(61)] ProcessSnapshotWin::Initialize failed
[0113/113940:ERROR:process_reader_win.cc(114)] NtOpenThread: {Acceso denegado} Un proceso ha solicitado acceso a un objeto, pero no se le han concedido esos derechos de acceso.  (0xc0000022)
[0113/113940:ERROR:exception_snapshot_win.cc(87)] thread ID 33348 not found in process
[0113/113940:WARNING:crash_report_exception_handler.cc(61)] ProcessSnapshotWin::Initialize failed
[0113/114101:ERROR:process_reader_win.cc(114)] NtOpenThread: {Acceso denegado} Un proceso ha solicitado acceso a un objeto, pero no se le han concedido esos derechos de acceso.  (0xc0000022)
[0113/114101:ERROR:exception_snapshot_win.cc(87)] thread ID 14636 not found in process
[0113/114101:WARNING:crash_report_exception_handler.cc(61)] ProcessSnapshotWin::Initialize failed
[0113/114145:ERROR:process_reader_win.cc(114)] NtOpenThread: {Acceso denegado} Un proceso ha solicitado acceso a un objeto, pero no se le han concedido esos derechos de acceso.  (0xc0000022)
[0113/114145:ERROR:exception_snapshot_win.cc(87)] thread ID 37604 not found in process
[0113/114145:WARNING:crash_report_exception_handler.cc(61)] ProcessSnapshotWin::Initialize failed
[0113/120319:ERROR:process_reader_win.cc(114)] NtOpenThread: {Acceso denegado} Un proceso ha solicitado acceso a un objeto, pero no se le han concedido esos derechos de acceso.  (0xc0000022)
[0113/120319:ERROR:exception_snapshot_win.cc(87)] thread ID 24688 not found in process
[0113/120319:WARNING:crash_report_exception_handler.cc(61)] ProcessSnapshotWin::Initialize failed
[0113/120904:ERROR:process_reader_win.cc(114)] NtOpenThread: {Acceso denegado} Un proceso ha solicitado acceso a un objeto, pero no se le han concedido esos derechos de acceso.  (0xc0000022)
[0113/120904:ERROR:exception_snapshot_win.cc(87)] thread ID 30368 not found in process
[0113/120904:WARNING:crash_report_exception_handler.cc(61)] ProcessSnapshotWin::Initialize failed
[0113/121353:ERROR:process_reader_win.cc(114)] NtOpenThread: {Acceso denegado} Un proceso ha solicitado acceso a un objeto, pero no se le han concedido esos derechos de acceso.  (0xc0000022)
[0113/121353:ERROR:exception_snapshot_win.cc(87)] thread ID 13184 not found in process
[0113/121353:WARNING:crash_report_exception_handler.cc(61)] ProcessSnapshotWin::Initialize failed
[0115/225737:ERROR:process_reader_win.cc(114)] NtOpenThread: {Acceso denegado} Un proceso ha solicitado acceso a un objeto, pero no se le han concedido esos derechos de acceso.  (0xc0000022)
[0115/225737:ERROR:exception_snapshot_win.cc(87)] thread ID 44604 not found in process
[0115/225737:ERROR:process_reader_win.cc(114)] NtOpenThread: {Acceso denegado} Un proceso ha solicitado acceso a un objeto, pero no se le han concedido esos derechos de acceso.  (0xc0000022)
[0115/225737:WARNING:crash_report_exception_handler.cc(61)] ProcessSnapshotWin::Initialize failed
[0115/225737:ERROR:exception_snapshot_win.cc(87)] thread ID 27540 not found in process
[0115/225737:WARNING:crash_report_exception_handler.cc(61)] ProcessSnapshotWin::Initialize failed
[0116/083111:ERROR:process_reader_win.cc(114)] NtOpenThread: {Acceso denegado} Un proceso ha solicitado acceso a un objeto, pero no se le han concedido esos derechos de acceso.  (0xc0000022)
[0116/083111:ERROR:exception_snapshot_win.cc(87)] thread ID 27672 not found in process
[0116/083111:WARNING:crash_report_exception_handler.cc(61)] ProcessSnapshotWin::Initialize failed
[0116/083354:ERROR:process_reader_win.cc(114)] NtOpenThread: {Acceso denegado} Un proceso ha solicitado acceso a un objeto, pero no se le han concedido esos derechos de acceso.  (0xc0000022)
[0116/083354:ERROR:exception_snapshot_win.cc(87)] thread ID 50988 not found in process
[0116/083354:WARNING:crash_report_exception_handler.cc(61)] ProcessSnapshotWin::Initialize failed
[0116/083830:ERROR:process_reader_win.cc(114)] NtOpenThread: {Acceso denegado} Un proceso ha solicitado acceso a un objeto, pero no se le han concedido esos derechos de acceso.  (0xc0000022)
[0116/083830:ERROR:exception_snapshot_win.cc(87)] thread ID 42924 not found in process
[0116/083830:WARNING:crash_report_exception_handler.cc(61)] ProcessSnapshotWin::Initialize failed
[0116/084228:ERROR:process_reader_win.cc(114)] NtOpenThread: {Acceso denegado} Un proceso ha solicitado acceso a un objeto, pero no se le han concedido esos derechos de acceso.  (0xc0000022)
[0116/084228:ERROR:exception_snapshot_win.cc(87)] thread ID 32764 not found in process
[0116/084228:WARNING:crash_report_exception_handler.cc(61)] ProcessSnapshotWin::Initialize failed
[0116/091608:ERROR:process_reader_win.cc(114)] NtOpenThread: {Acceso denegado} Un proceso ha solicitado acceso a un objeto, pero no se le han concedido esos derechos de acceso.  (0xc0000022)
[0116/091608:ERROR:exception_snapshot_win.cc(87)] thread ID 52836 not found in process
[0116/091608:WARNING:crash_report_exception_handler.cc(61)] ProcessSnapshotWin::Initialize failed
[0116/100109:ERROR:process_reader_win.cc(114)] NtOpenThread: {Acceso denegado} Un proceso ha solicitado acceso a un objeto, pero no se le han concedido esos derechos de acceso.  (0xc0000022)
[0116/100109:ERROR:exception_snapshot_win.cc(87)] thread ID 4984 not found in process
[0116/100109:WARNING:crash_report_exception_handler.cc(61)] ProcessSnapshotWin::Initialize failed
[0119/093755:ERROR:process_reader_win.cc(114)] NtOpenThread: {Acceso denegado} Un proceso ha solicitado acceso a un objeto, pero no se le han concedido esos derechos de acceso.  (0xc0000022)
[0119/093756:ERROR:exception_snapshot_win.cc(87)] thread ID 41576 not found in process
[0119/093756:WARNING:crash_report_exception_handler.cc(61)] ProcessSnapshotWin::Initialize failed
[0119/160711:ERROR:process_reader_win.cc(114)] NtOpenThread: {Acceso denegado} Un proceso ha solicitado acceso a un objeto, pero no se le han concedido esos derechos de acceso.  (0xc0000022)
[0119/160711:ERROR:exception_snapshot_win.cc(87)] thread ID 18408 not found in process
[0119/160711:WARNING:crash_report_exception_handler.cc(61)] ProcessSnapshotWin::Initialize failed
[0119/160859:ERROR:process_reader_win.cc(114)] NtOpenThread: {Acceso denegado} Un proceso ha solicitado acceso a un objeto, pero no se le han concedido esos derechos de acceso.  (0xc0000022)
[0119/160859:ERROR:exception_snapshot_win.cc(87)] thread ID 29164 not found in process
[0119/160859:WARNING:crash_report_exception_handler.cc(61)] ProcessSnapshotWin::Initialize failed
[0119/161132:ERROR:process_reader_win.cc(114)] NtOpenThread: {Acceso denegado} Un proceso ha solicitado acceso a un objeto, pero no se le han concedido esos derechos de acceso.  (0xc0000022)
[0119/161132:ERROR:exception_snapshot_win.cc(87)] thread ID 28840 not found in process
[0119/161132:WARNING:crash_report_exception_handler.cc(61)] ProcessSnapshotWin::Initialize failed
[0119/161258:ERROR:process_reader_win.cc(114)] NtOpenThread: {Acceso denegado} Un proceso ha solicitado acceso a un objeto, pero no se le han concedido esos derechos de acceso.  (0xc0000022)
[0119/161258:ERROR:exception_snapshot_win.cc(87)] thread ID 37048 not found in process
[0119/161258:WARNING:crash_report_exception_handler.cc(61)] ProcessSnapshotWin::Initialize failed
[0119/165535:ERROR:process_reader_win.cc(114)] NtOpenThread: {Acceso denegado} Un proceso ha solicitado acceso a un objeto, pero no se le han concedido esos derechos de acceso.  (0xc0000022)
[0119/165535:ERROR:exception_snapshot_win.cc(87)] thread ID 35192 not found in process
[0119/165535:WARNING:crash_report_exception_handler.cc(61)] ProcessSnapshotWin::Initialize failed
[0119/170020:ERROR:process_reader_win.cc(114)] NtOpenThread: {Acceso denegado} Un proceso ha solicitado acceso a un objeto, pero no se le han concedido esos derechos de acceso.  (0xc0000022)
[0119/170020:ERROR:exception_snapshot_win.cc(87)] thread ID 18200 not found in process
[0119/170020:WARNING:crash_report_exception_handler.cc(61)] ProcessSnapshotWin::Initialize failed
[0120/075114:ERROR:process_reader_win.cc(114)] NtOpenThread: {Acceso denegado} Un proceso ha solicitado acceso a un objeto, pero no se le han concedido esos derechos de acceso.  (0xc0000022)
[0120/075114:ERROR:exception_snapshot_win.cc(87)] thread ID 30164 not found in process
[0120/075114:WARNING:crash_report_exception_handler.cc(61)] ProcessSnapshotWin::Initialize failed
[0120/082149:ERROR:process_reader_win.cc(114)] NtOpenThread: {Acceso denegado} Un proceso ha solicitado acceso a un objeto, pero no se le han concedido esos derechos de acceso.  (0xc0000022)
[0120/082149:ERROR:exception_snapshot_win.cc(87)] thread ID 20260 not found in process
[0120/082149:WARNING:crash_report_exception_handler.cc(61)] ProcessSnapshotWin::Initialize failed
[0120/085833:ERROR:process_reader_win.cc(114)] NtOpenThread: {Acceso denegado} Un proceso ha solicitado acceso a un objeto, pero no se le han concedido esos derechos de acceso.  (0xc0000022)
[0120/085833:ERROR:exception_snapshot_win.cc(87)] thread ID 8112 not found in process
[0120/085833:WARNING:crash_report_exception_handler.cc(61)] ProcessSnapshotWin::Initialize failed
[0125/162631:ERROR:process_reader_win.cc(114)] NtOpenThread: {Acceso denegado} Un proceso ha solicitado acceso a un objeto, pero no se le han concedido esos derechos de acceso.  (0xc0000022)
[0125/162631:ERROR:exception_snapshot_win.cc(87)] thread ID 11516 not found in process
[0125/162631:WARNING:crash_report_exception_handler.cc(61)] ProcessSnapshotWin::Initialize failed
[0126/145330:ERROR:process_reader_win.cc(114)] NtOpenThread: {Acceso denegado} Un proceso ha solicitado acceso a un objeto, pero no se le han concedido esos derechos de acceso.  (0xc0000022)
[0126/145330:ERROR:exception_snapshot_win.cc(87)] thread ID 17632 not found in process
[0126/145330:WARNING:crash_report_exception_handler.cc(61)] ProcessSnapshotWin::Initialize failed
[0126/145413:ERROR:process_reader_win.cc(114)] NtOpenThread: {Acceso denegado} Un proceso ha solicitado acceso a un objeto, pero no se le han concedido esos derechos de acceso.  (0xc0000022)
[0126/145413:ERROR:exception_snapshot_win.cc(87)] thread ID 14936 not found in process
[0126/145413:WARNING:crash_report_exception_handler.cc(61)] ProcessSnapshotWin::Initialize failed
[0130/163820:ERROR:process_reader_win.cc(114)] NtOpenThread: {Acceso denegado} Un proceso ha solicitado acceso a un objeto, pero no se le han concedido esos derechos de acceso.  (0xc0000022)
[0130/163820:ERROR:exception_snapshot_win.cc(87)] thread ID 17328 not found in process
[0130/163820:WARNING:crash_report_exception_handler.cc(61)] ProcessSnapshotWin::Initialize failed
[0130/164155:ERROR:process_reader_win.cc(114)] NtOpenThread: {Acceso denegado} Un proceso ha solicitado acceso a un objeto, pero no se le han concedido esos derechos de acceso.  (0xc0000022)
[0130/164155:ERROR:exception_snapshot_win.cc(87)] thread ID 16944 not found in process
[0130/164155:WARNING:crash_report_exception_handler.cc(61)] ProcessSnapshotWin::Initialize failed
[0130/164801:ERROR:process_reader_win.cc(114)] NtOpenThread: {Acceso denegado} Un proceso ha solicitado acceso a un objeto, pero no se le han concedido esos derechos de acceso.  (0xc0000022)
[0130/164801:ERROR:exception_snapshot_win.cc(87)] thread ID 17792 not found in process
[0130/164801:WARNING:crash_report_exception_handler.cc(61)] ProcessSnapshotWin::Initialize failed
[0130/165117:ERROR:process_reader_win.cc(114)] NtOpenThread: {Acceso denegado} Un proceso ha solicitado acceso a un objeto, pero no se le han concedido esos derechos de acceso.  (0xc0000022)
[0130/165117:ERROR:exception_snapshot_win.cc(87)] thread ID 17432 not found in process
[0130/165117:WARNING:crash_report_exception_handler.cc(61)] ProcessSnapshotWin::Initialize failed
[0130/172329:ERROR:process_reader_win.cc(114)] NtOpenThread: {Acceso denegado} Un proceso ha solicitado acceso a un objeto, pero no se le han concedido esos derechos de acceso.  (0xc0000022)
[0130/172329:ERROR:exception_snapshot_win.cc(87)] thread ID 12884 not found in process
[0130/172329:WARNING:crash_report_exception_handler.cc(61)] ProcessSnapshotWin::Initialize failed
[0131/110111:ERROR:process_reader_win.cc(114)] NtOpenThread: {Acceso denegado} Un proceso ha solicitado acceso a un objeto, pero no se le han concedido esos derechos de acceso.  (0xc0000022)
[0131/110111:ERROR:exception_snapshot_win.cc(87)] thread ID 12696 not found in process
[0131/110111:WARNING:crash_report_exception_handler.cc(61)] ProcessSnapshotWin::Initialize failed
[0131/111616:ERROR:process_reader_win.cc(114)] NtOpenThread: {Acceso denegado} Un proceso ha solicitado acceso a un objeto, pero no se le han concedido esos derechos de acceso.  (0xc0000022)
[0131/111616:ERROR:exception_snapshot_win.cc(87)] thread ID 14884 not found in process
[0131/111616:WARNING:crash_report_exception_handler.cc(61)] ProcessSnapshotWin::Initialize failed
[0222/074416.613:ERROR:process_reader_win.cc(114)] NtOpenThread: {Acceso denegado} Un proceso ha solicitado acceso a un objeto, pero no se le han concedido esos derechos de acceso.  (0xc0000022)
[0222/074416.646:ERROR:exception_snapshot_win.cc(87)] thread ID 36476 not found in process
[0222/074416.646:WARNING:crash_report_exception_handler.cc(60)] ProcessSnapshotWin::Initialize failed
[0222/120946.818:ERROR:process_reader_win.cc(114)] NtOpenThread: {Acceso denegado} Un proceso ha solicitado acceso a un objeto, pero no se le han concedido esos derechos de acceso.  (0xc0000022)
[0222/120946.847:ERROR:exception_snapshot_win.cc(87)] thread ID 39100 not found in process
[0222/120946.847:WARNING:crash_report_exception_handler.cc(60)] ProcessSnapshotWin::Initialize failed
[0223/145557.483:ERROR:process_reader_win.cc(114)] NtOpenThread: {Acceso denegado} Un proceso ha solicitado acceso a un objeto, pero no se le han concedido esos derechos de acceso.  (0xc0000022)
[0223/145557.532:ERROR:exception_snapshot_win.cc(87)] thread ID 22460 not found in process
[0223/145557.532:WARNING:crash_report_exception_handler.cc(60)] ProcessSnapshotWin::Initialize failed
[0223/150648.646:ERROR:process_reader_win.cc(114)] NtOpenThread: {Acceso denegado} Un proceso ha solicitado acceso a un objeto, pero no se le han concedido esos derechos de acceso.  (0xc0000022)
[0223/150648.647:ERROR:exception_snapshot_win.cc(87)] thread ID 33824 not found in process
[0223/150648.647:WARNING:crash_report_exception_handler.cc(60)] ProcessSnapshotWin::Initialize failed
[0309/171436.054:ERROR:process_reader_win.cc(114)] NtOpenThread: {Acceso denegado} Un proceso ha solicitado acceso a un objeto, pero no se le han concedido esos derechos de acceso.  (0xc0000022)
[0309/171436.114:ERROR:exception_snapshot_win.cc(87)] thread ID 10328 not found in process
[0309/171436.114:WARNING:crash_report_exception_handler.cc(60)] ProcessSnapshotWin::Initialize failed
[0309/171947.500:ERROR:process_reader_win.cc(114)] NtOpenThread: {Acceso denegado} Un proceso ha solicitado acceso a un objeto, pero no se le han concedido esos derechos de acceso.  (0xc0000022)
[0309/171947.501:ERROR:exception_snapshot_win.cc(87)] thread ID 9896 not found in process
[0309/171947.501:WARNING:crash_report_exception_handler.cc(60)] ProcessSnapshotWin::Initialize failed
[0309/172236.557:ERROR:process_reader_win.cc(114)] NtOpenThread: {Acceso denegado} Un proceso ha solicitado acceso a un objeto, pero no se le han concedido esos derechos de acceso.  (0xc0000022)
[0309/172236.558:ERROR:exception_snapshot_win.cc(87)] thread ID 37688 not found in process
[0309/172236.558:WARNING:crash_report_exception_handler.cc(60)] ProcessSnapshotWin::Initialize failed
[0309/172511.487:ERROR:process_reader_win.cc(114)] NtOpenThread: {Acceso denegado} Un proceso ha solicitado acceso a un objeto, pero no se le han concedido esos derechos de acceso.  (0xc0000022)
[0309/172511.488:ERROR:exception_snapshot_win.cc(87)] thread ID 7204 not found in process
[0309/172511.488:WARNING:crash_report_exception_handler.cc(60)] ProcessSnapshotWin::Initialize failed
[0313/093757.668:ERROR:process_reader_win.cc(114)] NtOpenThread: {Acceso denegado} Un proceso ha solicitado acceso a un objeto, pero no se le han concedido esos derechos de acceso.  (0xc0000022)
[0313/093757.710:ERROR:exception_snapshot_win.cc(87)] thread ID 30752 not found in process
[0313/093757.710:WARNING:crash_report_exception_handler.cc(60)] ProcessSnapshotWin::Initialize failed
[0313/094122.450:ERROR:process_reader_win.cc(114)] NtOpenThread: {Acceso denegado} Un proceso ha solicitado acceso a un objeto, pero no se le han concedido esos derechos de acceso.  (0xc0000022)
[0313/094122.451:ERROR:exception_snapshot_win.cc(87)] thread ID 27708 not found in process
[0313/094122.451:WARNING:crash_report_exception_handler.cc(60)] ProcessSnapshotWin::Initialize failed
[0313/141322.000:ERROR:process_reader_win.cc(114)] NtOpenThread: {Acceso denegado} Un proceso ha solicitado acceso a un objeto, pero no se le han concedido esos derechos de acceso.  (0xc0000022)
[0313/141322.000:ERROR:exception_snapshot_win.cc(87)] thread ID 27208 not found in process
[0313/141322.000:WARNING:crash_report_exception_handler.cc(60)] ProcessSnapshotWin::Initialize failed
[0322/182951.900:ERROR:process_reader_win.cc(114)] NtOpenThread: {Acceso denegado} Un proceso ha solicitado acceso a un objeto, pero no se le han concedido esos derechos de acceso.  (0xc0000022)
[0322/182951.936:ERROR:exception_snapshot_win.cc(87)] thread ID 25788 not found in process
[0322/182951.936:WARNING:crash_report_exception_handler.cc(60)] ProcessSnapshotWin::Initialize failed
[0329/175408.127:ERROR:process_reader_win.cc(114)] NtOpenThread: {Acceso denegado} Un proceso ha solicitado acceso a un objeto, pero no se le han concedido esos derechos de acceso.  (0xc0000022)
[0329/175408.182:ERROR:exception_snapshot_win.cc(87)] thread ID 17252 not found in process
[0329/175408.182:WARNING:crash_report_exception_handler.cc(60)] ProcessSnapshotWin::Initialize failed
[0329/175732.155:ERROR:process_reader_win.cc(114)] NtOpenThread: {Acceso denegado} Un proceso ha solicitado acceso a un objeto, pero no se le han concedido esos derechos de acceso.  (0xc0000022)
[0329/175732.156:ERROR:exception_snapshot_win.cc(87)] thread ID 9224 not found in process
[0329/175732.157:WARNING:crash_report_exception_handler.cc(60)] ProcessSnapshotWin::Initialize failed
[0330/173322.184:ERROR:process_reader_win.cc(114)] NtOpenThread: {Acceso denegado} Un proceso ha solicitado acceso a un objeto, pero no se le han concedido esos derechos de acceso.  (0xc0000022)
[0330/173322.200:ERROR:exception_snapshot_win.cc(87)] thread ID 13692 not found in process
[0330/173322.200:WARNING:crash_report_exception_handler.cc(60)] ProcessSnapshotWin::Initialize failed
[0403/105710.355:ERROR:process_reader_win.cc(114)] NtOpenThread: {Acceso denegado} Un proceso ha solicitado acceso a un objeto, pero no se le han concedido esos derechos de acceso.  (0xc0000022)
[0403/105710.356:ERROR:exception_snapshot_win.cc(87)] thread ID 18300 not found in process
[0403/105710.356:WARNING:crash_report_exception_handler.cc(60)] ProcessSnapshotWin::Initialize failed
[0403/152535.192:ERROR:process_reader_win.cc(114)] NtOpenThread: {Acceso denegado} Un proceso ha solicitado acceso a un objeto, pero no se le han concedido esos derechos de acceso.  (0xc0000022)
[0403/152535.193:ERROR:exception_snapshot_win.cc(87)] thread ID 18224 not found in process
[0403/152535.193:WARNING:crash_report_exception_handler.cc(60)] ProcessSnapshotWin::Initialize failed
[0403/152837.942:ERROR:process_reader_win.cc(114)] NtOpenThread: {Acceso denegado} Un proceso ha solicitado acceso a un objeto, pero no se le han concedido esos derechos de acceso.  (0xc0000022)
[0403/152837.943:ERROR:exception_snapshot_win.cc(87)] thread ID 12640 not found in process
[0403/152837.943:WARNING:crash_report_exception_handler.cc(60)] ProcessSnapshotWin::Initialize failed
[0403/153136.341:ERROR:process_reader_win.cc(114)] NtOpenThread: {Acceso denegado} Un proceso ha solicitado acceso a un objeto, pero no se le han concedido esos derechos de acceso.  (0xc0000022)
[0403/153136.342:ERROR:exception_snapshot_win.cc(87)] thread ID 20220 not found in process
[0403/153136.342:WARNING:crash_report_exception_handler.cc(60)] ProcessSnapshotWin::Initialize failed
[0502/121022.655:ERROR:process_reader_win.cc(114)] NtOpenThread: {Acceso denegado} Un proceso ha solicitado acceso a un objeto, pero no se le han concedido esos derechos de acceso.  (0xc0000022)
[0502/121022.686:ERROR:exception_snapshot_win.cc(87)] thread ID 12132 not found in process
[0502/121022.686:WARNING:crash_report_exception_handler.cc(60)] ProcessSnapshotWin::Initialize failed
[0502/155747.328:ERROR:process_reader_win.cc(114)] NtOpenThread: {Acceso denegado} Un proceso ha solicitado acceso a un objeto, pero no se le han concedido esos derechos de acceso.  (0xc0000022)
[0502/155747.328:ERROR:exception_snapshot_win.cc(87)] thread ID 7256 not found in process
[0502/155747.328:WARNING:crash_report_exception_handler.cc(60)] ProcessSnapshotWin::Initialize failed
[0503/101828.659:ERROR:process_reader_win.cc(114)] NtOpenThread: {Acceso denegado} Un proceso ha solicitado acceso a un objeto, pero no se le han concedido esos derechos de acceso.  (0xc0000022)
[0503/101828.692:ERROR:exception_snapshot_win.cc(87)] thread ID 7848 not found in process
[0503/101828.692:WARNING:crash_report_exception_handler.cc(60)] ProcessSnapshotWin::Initialize failed
[0503/150131.954:ERROR:process_reader_win.cc(114)] NtOpenThread: {Acceso denegado} Un proceso ha solicitado acceso a un objeto, pero no se le han concedido esos derechos de acceso.  (0xc0000022)
[0503/150131.954:ERROR:exception_snapshot_win.cc(87)] thread ID 10840 not found in process
[0503/150131.954:WARNING:crash_report_exception_handler.cc(60)] ProcessSnapshotWin::Initialize failed
[0503/152148.641:ERROR:process_reader_win.cc(114)] NtOpenThread: {Acceso denegado} Un proceso ha solicitado acceso a un objeto, pero no se le han concedido esos derechos de acceso.  (0xc0000022)
[0503/152148.642:ERROR:exception_snapshot_win.cc(87)] thread ID 12516 not found in process
[0503/152148.642:WARNING:crash_report_exception_handler.cc(60)] ProcessSnapshotWin::Initialize failed
[0503/173839.598:ERROR:process_reader_win.cc(114)] NtOpenThread: {Acceso denegado} Un proceso ha solicitado acceso a un objeto, pero no se le han concedido esos derechos de acceso.  (0xc0000022)
[0503/173839.599:ERROR:exception_snapshot_win.cc(87)] thread ID 16004 not found in process
[0503/173839.599:WARNING:crash_report_exception_handler.cc(60)] ProcessSnapshotWin::Initialize failed
[0504/140500.445:ERROR:process_reader_win.cc(114)] NtOpenThread: {Acceso denegado} Un proceso ha solicitado acceso a un objeto, pero no se le han concedido esos derechos de acceso.  (0xc0000022)
[0504/140500.476:ERROR:exception_snapshot_win.cc(87)] thread ID 15964 not found in process
[0504/140500.476:WARNING:crash_report_exception_handler.cc(60)] ProcessSnapshotWin::Initialize failed
[0505/073509.847:ERROR:process_reader_win.cc(114)] NtOpenThread: {Acceso denegado} Un proceso ha solicitado acceso a un objeto, pero no se le han concedido esos derechos de acceso.  (0xc0000022)
[0505/073509.847:ERROR:exception_snapshot_win.cc(87)] thread ID 7216 not found in process
[0505/073509.847:WARNING:crash_report_exception_handler.cc(60)] ProcessSnapshotWin::Initialize failed
[0505/093322.562:ERROR:process_reader_win.cc(114)] NtOpenThread: {Acceso denegado} Un proceso ha solicitado acceso a un objeto, pero no se le han concedido esos derechos de acceso.  (0xc0000022)
[0505/093322.563:ERROR:exception_snapshot_win.cc(87)] thread ID 7064 not found in process
[0505/093322.563:WARNING:crash_report_exception_handler.cc(60)] ProcessSnapshotWin::Initialize failed
[0515/140944.298:ERROR:process_reader_win.cc(114)] NtOpenThread: {Acceso denegado} Un proceso ha solicitado acceso a un objeto, pero no se le han concedido esos derechos de acceso.  (0xc0000022)
[0515/140944.329:ERROR:exception_snapshot_win.cc(87)] thread ID 2208 not found in process
[0515/140944.329:WARNING:crash_report_exception_handler.cc(60)] ProcessSnapshotWin::Initialize failed
[0515/141140.080:ERROR:process_reader_win.cc(114)] NtOpenThread: {Acceso denegado} Un proceso ha solicitado acceso a un objeto, pero no se le han concedido esos derechos de acceso.  (0xc0000022)
[0515/141140.080:ERROR:exception_snapshot_win.cc(87)] thread ID 2240 not found in process
[0515/141140.080:WARNING:crash_report_exception_handler.cc(60)] ProcessSnapshotWin::Initialize failed
[0515/141708.812:ERROR:process_reader_win.cc(114)] NtOpenThread: {Acceso denegado} Un proceso ha solicitado acceso a un objeto, pero no se le han concedido esos derechos de acceso.  (0xc0000022)
[0515/141708.812:ERROR:exception_snapshot_win.cc(87)] thread ID 9928 not found in process
[0515/141708.812:WARNING:crash_report_exception_handler.cc(60)] ProcessSnapshotWin::Initialize failed
[0515/175021.400:ERROR:process_reader_win.cc(114)] NtOpenThread: {Acceso denegado} Un proceso ha solicitado acceso a un objeto, pero no se le han concedido esos derechos de acceso.  (0xc0000022)
[0515/175021.401:ERROR:exception_snapshot_win.cc(87)] thread ID 15612 not found in process
[0515/175021.401:WARNING:crash_report_exception_handler.cc(60)] ProcessSnapshotWin::Initialize failed
[0516/162457.544:ERROR:process_reader_win.cc(114)] NtOpenThread: {Acceso denegado} Un proceso ha solicitado acceso a un objeto, pero no se le han concedido esos derechos de acceso.  (0xc0000022)
[0516/162457.544:ERROR:exception_snapshot_win.cc(87)] thread ID 6712 not found in process
[0516/162457.544:WARNING:crash_report_exception_handler.cc(60)] ProcessSnapshotWin::Initialize failed
[0518/101729.343:ERROR:process_reader_win.cc(114)] NtOpenThread: {Acceso denegado} Un proceso ha solicitado acceso a un objeto, pero no se le han concedido esos derechos de acceso.  (0xc0000022)
[0518/101729.369:ERROR:exception_snapshot_win.cc(87)] thread ID 4968 not found in process
[0518/101729.369:WARNING:crash_report_exception_handler.cc(60)] ProcessSnapshotWin::Initialize failed
[0519/115107.976:ERROR:process_reader_win.cc(114)] NtOpenThread: {Acceso denegado} Un proceso ha solicitado acceso a un objeto, pero no se le han concedido esos derechos de acceso.  (0xc0000022)
[0519/115108.002:ERROR:exception_snapshot_win.cc(87)] thread ID 17204 not found in process
[0519/115108.002:WARNING:crash_report_exception_handler.cc(60)] ProcessSnapshotWin::Initialize failed
[0608/074645.073:ERROR:process_reader_win.cc(114)] NtOpenThread: {Acceso denegado} Un proceso ha solicitado acceso a un objeto, pero no se le han concedido esos derechos de acceso.  (0xc0000022)
[0608/074645.114:ERROR:exception_snapshot_win.cc(87)] thread ID 13708 not found in process
[0608/074645.114:WARNING:crash_report_exception_handler.cc(60)] ProcessSnapshotWin::Initialize failed
[0608/165249.767:ERROR:process_reader_win.cc(114)] NtOpenThread: {Acceso denegado} Un proceso ha solicitado acceso a un objeto, pero no se le han concedido esos derechos de acceso.  (0xc0000022)
[0608/165249.768:ERROR:exception_snapshot_win.cc(87)] thread ID 15172 not found in process
[0608/165249.768:WARNING:crash_report_exception_handler.cc(60)] ProcessSnapshotWin::Initialize failed
[0612/183316.517:ERROR:process_reader_win.cc(114)] NtOpenThread: {Acceso denegado} Un proceso ha solicitado acceso a un objeto, pero no se le han concedido esos derechos de acceso.  (0xc0000022)
[0612/183316.543:ERROR:exception_snapshot_win.cc(87)] thread ID 8028 not found in process
[0612/183316.543:WARNING:crash_report_exception_handler.cc(60)] ProcessSnapshotWin::Initialize failed
[0626/160145.771:ERROR:process_reader_win.cc(114)] NtOpenThread: {Acceso denegado} Un proceso ha solicitado acceso a un objeto, pero no se le han concedido esos derechos de acceso.  (0xc0000022)
[0626/160145.803:ERROR:exception_snapshot_win.cc(87)] thread ID 5480 not found in process
[0626/160145.803:WARNING:crash_report_exception_handler.cc(60)] ProcessSnapshotWin::Initialize failed
[0626/160845.334:ERROR:process_reader_win.cc(114)] NtOpenThread: {Acceso denegado} Un proceso ha solicitado acceso a un objeto, pero no se le han concedido esos derechos de acceso.  (0xc0000022)
[0626/160845.335:ERROR:exception_snapshot_win.cc(87)] thread ID 24612 not found in process
[0626/160845.335:WARNING:crash_report_exception_handler.cc(60)] ProcessSnapshotWin::Initialize failed
[0627/183535.946:ERROR:process_reader_win.cc(114)] NtOpenThread: {Acceso denegado} Un proceso ha solicitado acceso a un objeto, pero no se le han concedido esos derechos de acceso.  (0xc0000022)
[0627/183535.984:ERROR:exception_snapshot_win.cc(87)] thread ID 25968 not found in process
[0627/183535.984:WARNING:crash_report_exception_handler.cc(60)] ProcessSnapshotWin::Initialize failed
[0628/152529.506:ERROR:process_reader_win.cc(114)] NtOpenThread: {Acceso denegado} Un proceso ha solicitado acceso a un objeto, pero no se le han concedido esos derechos de acceso.  (0xc0000022)
[0628/152529.506:ERROR:exception_snapshot_win.cc(87)] thread ID 16900 not found in process
[0628/152529.506:WARNING:crash_report_exception_handler.cc(60)] ProcessSnapshotWin::Initialize failed
[0629/092514.984:ERROR:process_reader_win.cc(123)] NtOpenThread: {Acceso denegado} Un proceso ha solicitado acceso a un objeto, pero no se le han concedido esos derechos de acceso.  (0xc0000022)
[0629/092515.202:ERROR:exception_snapshot_win.cc(87)] thread ID 1256 not found in process
[0629/092515.202:WARNING:crash_report_exception_handler.cc(62)] ProcessSnapshotWin::Initialize failed
[0712/151701.681:ERROR:process_reader_win.cc(151)] SuspendThread: Acceso denegado. (0x5)
[0712/151701.682:ERROR:process_reader_win.cc(123)] NtOpenThread: {Acceso denegado} Un proceso ha solicitado acceso a un objeto, pero no se le han concedido esos derechos de acceso.  (0xc0000022)
[0712/151701.723:ERROR:exception_snapshot_win.cc(87)] thread ID 19728 not found in process
[0712/151701.723:WARNING:crash_report_exception_handler.cc(62)] ProcessSnapshotWin::Initialize failed
[0717/122711.398:ERROR:process_reader_win.cc(123)] NtOpenThread: {Acceso denegado} Un proceso ha solicitado acceso a un objeto, pero no se le han concedido esos derechos de acceso.  (0xc0000022)
[0717/122711.428:ERROR:exception_snapshot_win.cc(87)] thread ID 23048 not found in process
[0717/122711.428:WARNING:crash_report_exception_handler.cc(62)] ProcessSnapshotWin::Initialize failed
[0720/160233.283:ERROR:process_reader_win.cc(123)] NtOpenThread: {Acceso denegado} Un proceso ha solicitado acceso a un objeto, pero no se le han concedido esos derechos de acceso.  (0xc0000022)
[0720/160233.283:ERROR:exception_snapshot_win.cc(87)] thread ID 1888 not found in process
[0720/160233.283:WARNING:crash_report_exception_handler.cc(62)] ProcessSnapshotWin::Initialize failed
[0725/092933.223:ERROR:process_reader_win.cc(123)] NtOpenThread: {Acceso denegado} Un proceso ha solicitado acceso a un objeto, pero no se le han concedido esos derechos de acceso.  (0xc0000022)
[0725/092933.257:ERROR:exception_snapshot_win.cc(87)] thread ID 13848 not found in process
[0725/092933.257:WARNING:crash_report_exception_handler.cc(62)] ProcessSnapshotWin::Initialize failed
[0725/093307.350:ERROR:process_reader_win.cc(123)] NtOpenThread: {Acceso denegado} Un proceso ha solicitado acceso a un objeto, pero no se le han concedido esos derechos de acceso.  (0xc0000022)
[0725/093307.351:ERROR:exception_snapshot_win.cc(87)] thread ID 13048 not found in process
[0725/093307.351:WARNING:crash_report_exception_handler.cc(62)] ProcessSnapshotWin::Initialize failed
[0725/184432.863:ERROR:process_reader_win.cc(123)] NtOpenThread: {Acceso denegado} Un proceso ha solicitado acceso a un objeto, pero no se le han concedido esos derechos de acceso.  (0xc0000022)
[0725/184432.863:ERROR:exception_snapshot_win.cc(87)] thread ID 3132 not found in process
[0725/184432.863:WARNING:crash_report_exception_handler.cc(62)] ProcessSnapshotWin::Initialize failed
[0725/184439.089:ERROR:process_reader_win.cc(123)] NtOpenThread: {Acceso denegado} Un proceso ha solicitado acceso a un objeto, pero no se le han concedido esos derechos de acceso.  (0xc0000022)
[0725/184439.090:ERROR:exception_snapshot_win.cc(87)] thread ID 14348 not found in process
[0725/184439.090:WARNING:crash_report_exception_handler.cc(62)] ProcessSnapshotWin::Initialize failed
[0726/083142.070:ERROR:process_reader_win.cc(123)] NtOpenThread: {Acceso denegado} Un proceso ha solicitado acceso a un objeto, pero no se le han concedido esos derechos de acceso.  (0xc0000022)
[0726/083142.070:ERROR:exception_snapshot_win.cc(87)] thread ID 13124 not found in process
[0726/083142.070:WARNING:crash_report_exception_handler.cc(62)] ProcessSnapshotWin::Initialize failed
[0726/093902.873:ERROR:process_reader_win.cc(123)] NtOpenThread: {Acceso denegado} Un proceso ha solicitado acceso a un objeto, pero no se le han concedido esos derechos de acceso.  (0xc0000022)
[0726/093902.874:ERROR:exception_snapshot_win.cc(87)] thread ID 6972 not found in process
[0726/093902.874:WARNING:crash_report_exception_handler.cc(62)] ProcessSnapshotWin::Initialize failed
[0724/172038.236:ERROR:process_reader_win.cc(123)] NtOpenThread: {Acceso denegado} Un proceso ha solicitado acceso a un objeto, pero no se le han concedido esos derechos de acceso.  (0xc0000022)
[0724/172038.238:ERROR:exception_snapshot_win.cc(87)] thread ID 5508 not found in process
[0724/172038.238:WARNING:crash_report_exception_handler.cc(62)] ProcessSnapshotWin::Initialize failed
[0724/172436.501:ERROR:process_reader_win.cc(123)] NtOpenThread: {Acceso denegado} Un proceso ha solicitado acceso a un objeto, pero no se le han concedido esos derechos de acceso.  (0xc0000022)
[0724/172436.501:ERROR:exception_snapshot_win.cc(87)] thread ID 12120 not found in process
[0724/172436.501:WARNING:crash_report_exception_handler.cc(62)] ProcessSnapshotWin::Initialize failed
[0724/173539.831:ERROR:process_reader_win.cc(123)] NtOpenThread: {Acceso denegado} Un proceso ha solicitado acceso a un objeto, pero no se le han concedido esos derechos de acceso.  (0xc0000022)
[0724/173539.831:ERROR:exception_snapshot_win.cc(87)] thread ID 19004 not found in process
[0724/173539.831:WARNING:crash_report_exception_handler.cc(62)] ProcessSnapshotWin::Initialize failed
[0727/091557.626:ERROR:process_reader_win.cc(123)] NtOpenThread: {Acceso denegado} Un proceso ha solicitado acceso a un objeto, pero no se le han concedido esos derechos de acceso.  (0xc0000022)
[0727/091557.626:ERROR:exception_snapshot_win.cc(87)] thread ID 680 not found in process
[0727/091557.626:WARNING:crash_report_exception_handler.cc(62)] ProcessSnapshotWin::Initialize failed
[0801/145142.666:ERROR:process_reader_win.cc(123)] NtOpenThread: {Acceso denegado} Un proceso ha solicitado acceso a un objeto, pero no se le han concedido esos derechos de acceso.  (0xc0000022)
[0801/145142.673:ERROR:exception_snapshot_win.cc(87)] thread ID 9372 not found in process
[0801/145142.673:WARNING:crash_report_exception_handler.cc(62)] ProcessSnapshotWin::Initialize failed
[0801/145258.769:ERROR:process_reader_win.cc(123)] NtOpenThread: {Acceso denegado} Un proceso ha solicitado acceso a un objeto, pero no se le han concedido esos derechos de acceso.  (0xc0000022)
[0801/145258.770:ERROR:exception_snapshot_win.cc(87)] thread ID 17844 not found in process
[0801/145258.770:WARNING:crash_report_exception_handler.cc(62)] ProcessSnapshotWin::Initialize failed
[0801/154213.333:ERROR:process_reader_win.cc(123)] NtOpenThread: {Acceso denegado} Un proceso ha solicitado acceso a un objeto, pero no se le han concedido esos derechos de acceso.  (0xc0000022)
[0801/154213.333:ERROR:exception_snapshot_win.cc(87)] thread ID 16464 not found in process
[0801/154213.333:WARNING:crash_report_exception_handler.cc(62)] ProcessSnapshotWin::Initialize failed
[0802/082935.756:ERROR:process_reader_win.cc(123)] NtOpenThread: {Acceso denegado} Un proceso ha solicitado acceso a un objeto, pero no se le han concedido esos derechos de acceso.  (0xc0000022)
[0802/082935.771:ERROR:exception_snapshot_win.cc(87)] thread ID 19752 not found in process
[0802/082935.771:WARNING:crash_report_exception_handler.cc(62)] ProcessSnapshotWin::Initialize failed
[0802/164553.716:ERROR:process_reader_win.cc(123)] NtOpenThread: {Acceso denegado} Un proceso ha solicitado acceso a un objeto, pero no se le han concedido esos derechos de acceso.  (0xc0000022)
[0802/164553.717:ERROR:exception_snapshot_win.cc(87)] thread ID 18512 not found in process
[0802/164553.717:WARNING:crash_report_exception_handler.cc(62)] ProcessSnapshotWin::Initialize failed
[0802/164651.333:ERROR:process_reader_win.cc(123)] NtOpenThread: {Acceso denegado} Un proceso ha solicitado acceso a un objeto, pero no se le han concedido esos derechos de acceso.  (0xc0000022)
[0802/164651.334:ERROR:exception_snapshot_win.cc(87)] thread ID 20380 not found in process
[0802/164651.334:WARNING:crash_report_exception_handler.cc(62)] ProcessSnapshotWin::Initialize failed
[0802/181132.084:ERROR:process_reader_win.cc(123)] NtOpenThread: {Acceso denegado} Un proceso ha solicitado acceso a un objeto, pero no se le han concedido esos derechos de acceso.  (0xc0000022)
[0802/181132.085:ERROR:exception_snapshot_win.cc(87)] thread ID 16976 not found in process
[0802/181132.085:WARNING:crash_report_exception_handler.cc(62)] ProcessSnapshotWin::Initialize failed
[0802/181209.579:ERROR:process_reader_win.cc(123)] NtOpenThread: {Acceso denegado} Un proceso ha solicitado acceso a un objeto, pero no se le han concedido esos derechos de acceso.  (0xc0000022)
[0802/181209.579:ERROR:exception_snapshot_win.cc(87)] thread ID 14208 not found in process
[0802/181209.579:WARNING:crash_report_exception_handler.cc(62)] ProcessSnapshotWin::Initialize failed
[0802/181224.078:ERROR:process_reader_win.cc(123)] NtOpenThread: {Acceso denegado} Un proceso ha solicitado acceso a un objeto, pero no se le han concedido esos derechos de acceso.  (0xc0000022)
[0802/181224.078:ERROR:exception_snapshot_win.cc(87)] thread ID 436 not found in process
[0802/181224.078:WARNING:crash_report_exception_handler.cc(62)] ProcessSnapshotWin::Initialize failed
[0802/181251.164:ERROR:process_reader_win.cc(123)] NtOpenThread: {Acceso denegado} Un proceso ha solicitado acceso a un objeto, pero no se le han concedido esos derechos de acceso.  (0xc0000022)
[0802/181251.164:ERROR:exception_snapshot_win.cc(87)] thread ID 15152 not found in process
[0802/181251.164:WARNING:crash_report_exception_handler.cc(62)] ProcessSnapshotWin::Initialize failed
[0802/181511.597:ERROR:process_reader_win.cc(123)] NtOpenThread: {Acceso denegado} Un proceso ha solicitado acceso a un objeto, pero no se le han concedido esos derechos de acceso.  (0xc0000022)
[0802/181511.597:ERROR:exception_snapshot_win.cc(87)] thread ID 7676 not found in process
[0802/181511.597:WARNING:crash_report_exception_handler.cc(62)] ProcessSnapshotWin::Initialize failed
[0802/181517.099:ERROR:process_reader_win.cc(123)] NtOpenThread: {Acceso denegado} Un proceso ha solicitado acceso a un objeto, pero no se le han concedido esos derechos de acceso.  (0xc0000022)
[0802/181517.099:ERROR:exception_snapshot_win.cc(87)] thread ID 10284 not found in process
[0802/181517.099:WARNING:crash_report_exception_handler.cc(62)] ProcessSnapshotWin::Initialize failed
[0129/004443.561:ERROR:process_reader_win.cc(123)] NtOpenThread: {Acceso denegado} Un proceso ha solicitado acceso a un objeto, pero no se le han concedido esos derechos de acceso.  (0xc0000022)
[0129/004443.601:ERROR:exception_snapshot_win.cc(87)] thread ID 16176 not found in process
[0129/004443.601:WARNING:crash_report_exception_handler.cc(62)] ProcessSnapshotWin::Initialize failed
[0129/011213.886:ERROR:process_reader_win.cc(123)] NtOpenThread: {Acceso denegado} Un proceso ha solicitado acceso a un objeto, pero no se le han concedido esos derechos de acceso.  (0xc0000022)
[0129/011213.887:ERROR:exception_snapshot_win.cc(87)] thread ID 14364 not found in process
[0129/011213.887:WARNING:crash_report_exception_handler.cc(62)] ProcessSnapshotWin::Initialize failed
[0129/011347.228:ERROR:process_reader_win.cc(123)] NtOpenThread: {Acceso denegado} Un proceso ha solicitado acceso a un objeto, pero no se le han concedido esos derechos de acceso.  (0xc0000022)
[0129/011347.229:ERROR:exception_snapshot_win.cc(87)] thread ID 16672 not found in process
[0129/011347.229:WARNING:crash_report_exception_handler.cc(62)] ProcessSnapshotWin::Initialize failed
[0129/190549.712:ERROR:process_reader_win.cc(123)] NtOpenThread: {Acceso denegado} Un proceso ha solicitado acceso a un objeto, pero no se le han concedido esos derechos de acceso.  (0xc0000022)
[0129/190549.747:ERROR:exception_snapshot_win.cc(87)] thread ID 4620 not found in process
[0129/190549.747:WARNING:crash_report_exception_handler.cc(62)] ProcessSnapshotWin::Initialize failed
[0129/215405.013:ERROR:process_reader_win.cc(123)] NtOpenThread: {Acceso denegado} Un proceso ha solicitado acceso a un objeto, pero no se le han concedido esos derechos de acceso.  (0xc0000022)
[0129/215405.014:ERROR:exception_snapshot_win.cc(87)] thread ID 3604 not found in process
[0129/215405.014:WARNING:crash_report_exception_handler.cc(62)] ProcessSnapshotWin::Initialize failed
[0129/233740.054:ERROR:process_reader_win.cc(123)] NtOpenThread: {Acceso denegado} Un proceso ha solicitado acceso a un objeto, pero no se le han concedido esos derechos de acceso.  (0xc0000022)
[0129/233740.055:ERROR:exception_snapshot_win.cc(87)] thread ID 16416 not found in process
[0129/233740.055:WARNING:crash_report_exception_handler.cc(62)] ProcessSnapshotWin::Initialize failed
[0129/234247.336:ERROR:process_reader_win.cc(123)] NtOpenThread: {Acceso denegado} Un proceso ha solicitado acceso a un objeto, pero no se le han concedido esos derechos de acceso.  (0xc0000022)
[0129/234247.337:ERROR:exception_snapshot_win.cc(87)] thread ID 14800 not found in process
[0129/234247.337:WARNING:crash_report_exception_handler.cc(62)] ProcessSnapshotWin::Initialize failed
[0130/000709.635:ERROR:process_reader_win.cc(123)] NtOpenThread: {Acceso denegado} Un proceso ha solicitado acceso a un objeto, pero no se le han concedido esos derechos de acceso.  (0xc0000022)
[0130/000709.636:ERROR:exception_snapshot_win.cc(87)] thread ID 16068 not found in process
[0130/000709.636:WARNING:crash_report_exception_handler.cc(62)] ProcessSnapshotWin::Initialize failed
[0130/002351.254:ERROR:process_reader_win.cc(123)] NtOpenThread: {Acceso denegado} Un proceso ha solicitado acceso a un objeto, pero no se le han concedido esos derechos de acceso.  (0xc0000022)
[0130/002351.255:ERROR:exception_snapshot_win.cc(87)] thread ID 19976 not found in process
[0130/002351.255:WARNING:crash_report_exception_handler.cc(62)] ProcessSnapshotWin::Initialize failed
[0130/002932.751:ERROR:process_reader_win.cc(123)] NtOpenThread: {Acceso denegado} Un proceso ha solicitado acceso a un objeto, pero no se le han concedido esos derechos de acceso.  (0xc0000022)
[0130/002932.752:ERROR:exception_snapshot_win.cc(87)] thread ID 8984 not found in process
[0130/002932.752:WARNING:crash_report_exception_handler.cc(62)] ProcessSnapshotWin::Initialize failed
[0130/013114.681:ERROR:process_reader_win.cc(123)] NtOpenThread: {Acceso denegado} Un proceso ha solicitado acceso a un objeto, pero no se le han concedido esos derechos de acceso.  (0xc0000022)
[0130/013114.682:ERROR:exception_snapshot_win.cc(87)] thread ID 19704 not found in process
[0130/013114.682:WARNING:crash_report_exception_handler.cc(62)] ProcessSnapshotWin::Initialize failed
[0130/163424.956:ERROR:process_reader_win.cc(123)] NtOpenThread: {Acceso denegado} Un proceso ha solicitado acceso a un objeto, pero no se le han concedido esos derechos de acceso.  (0xc0000022)
[0130/163424.956:ERROR:exception_snapshot_win.cc(87)] thread ID 10104 not found in process
[0130/163424.957:WARNING:crash_report_exception_handler.cc(62)] ProcessSnapshotWin::Initialize failed
[0130/164523.959:ERROR:process_reader_win.cc(123)] NtOpenThread: {Acceso denegado} Un proceso ha solicitado acceso a un objeto, pero no se le han concedido esos derechos de acceso.  (0xc0000022)
[0130/164523.960:ERROR:exception_snapshot_win.cc(87)] thread ID 1236 not found in process
[0130/164523.960:WARNING:crash_report_exception_handler.cc(62)] ProcessSnapshotWin::Initialize failed
[0130/170739.853:ERROR:process_reader_win.cc(123)] NtOpenThread: {Acceso denegado} Un proceso ha solicitado acceso a un objeto, pero no se le han concedido esos derechos de acceso.  (0xc0000022)
[0130/170739.854:ERROR:exception_snapshot_win.cc(87)] thread ID 2784 not found in process
[0130/170739.854:WARNING:crash_report_exception_handler.cc(62)] ProcessSnapshotWin::Initialize failed
[0130/180136.034:ERROR:process_reader_win.cc(123)] NtOpenThread: {Acceso denegado} Un proceso ha solicitado acceso a un objeto, pero no se le han concedido esos derechos de acceso.  (0xc0000022)
[0130/180136.034:ERROR:exception_snapshot_win.cc(87)] thread ID 12792 not found in process
[0130/180136.034:WARNING:crash_report_exception_handler.cc(62)] ProcessSnapshotWin::Initialize failed
[0130/180417.816:ERROR:process_reader_win.cc(123)] NtOpenThread: {Acceso denegado} Un proceso ha solicitado acceso a un objeto, pero no se le han concedido esos derechos de acceso.  (0xc0000022)
[0130/180417.817:ERROR:exception_snapshot_win.cc(87)] thread ID 12120 not found in process
[0130/180417.817:WARNING:crash_report_exception_handler.cc(62)] ProcessSnapshotWin::Initialize failed
[0130/191955.367:ERROR:process_reader_win.cc(123)] NtOpenThread: {Acceso denegado} Un proceso ha solicitado acceso a un objeto, pero no se le han concedido esos derechos de acceso.  (0xc0000022)
[0130/191955.368:ERROR:exception_snapshot_win.cc(87)] thread ID 2784 not found in process
[0130/191955.368:WARNING:crash_report_exception_handler.cc(62)] ProcessSnapshotWin::Initialize failed
